
// File generated by darts version U-2023.06#b8bbc031dd#240626, Tue Mar 10 11:14:49 2026
// Copyright 2014-2023 Synopsys, Inc. All rights reserved.
// darts -I/tools/ryzen_ai-1.3.1/vitis_aie_essentials/data/aie2p/lib -d -h -I/tools/ryzen_ai-1.3.1/vitis_aie_essentials/include -I/tools/ryzen_ai-1.3.1/vitis_aie_essentials/data/aie2p/lib/runtime_cxx/libcxx-lite/include -I/tools/ryzen_ai-1.3.1/vitis_aie_essentials/data/aie2p/lib/runtime_cxx/libs/libcxx-9.0.0/include-lite -I/tools/ryzen_ai-1.3.1/vitis_aie_essentials/data/aie2p/lib/runtime/include -D__AIENGINE__ -D__AIE_ARCH__=21 -D__AIEARCH__=21 -D__tct_tgt__=240628 -L +Ihex +nanno /home/diac/private/mlir-aie/my_implementation/basic/fft_r4/single_core/build/aie_256.mlir.prj/input.o me

// Release: ipp U-2023.06-TGT-240628
.undef global data _ZN12me_primitive11control_satE

.undef global data _ZN12me_primitive11control_rndE

.undef global data memInput_cons_buff_1

.undef global data memInput_cons_buff_0

.undef global data memTwiddle_cons_buff_1

.undef global data memTwiddle_cons_buff_0

.undef global data memOutput_buff_1

.undef global data memOutput_buff_0

.text_segment_name
.text global 16 core_0_2
.function_start
	     0    0x00 0x08 0x00 0x00 0x01 0xc4                                                                                                                                              PADDXM [sp], #64
	     6    0xfe 0x3a 0xb0 0x1f 0xff 0xfd 0xcf 0xff 0x11 0x3a                                                                                            ST r14, [sp, #-16];           MOVXM r14, #2147483646
	    16    0x0f 0xfd 0x15 0x98                                                                                                                          ST r8, [sp, #-4]
	    20    0x0f 0xf9 0x35 0x98                                                                                                                          ST r9, [sp, #-8]
	    24    0x0f 0xf5 0xf5 0x98                                                                                                                          ST r15, [sp, #-12]
	    28    0x0f 0xe9 0xb5 0x98                                                                                                                          ST r13, [sp, #-24]
	    32    0x0f 0xed 0x95 0x98                                                                                                                          ST r12, [sp, #-20]
	    36    0x0f 0xe5 0x75 0x98                                                                                                                          ST r11, [sp, #-28]
	    40    0x0f 0xdd 0x55 0x98                                                                                                                          ST r10, [sp, #-36]
	    44    0x0f 0xd7 0x1d 0x98                                                                                                                          ST p6, [sp, #-44]
	    48    0x0f 0xe3 0x9d 0x98                                                                                                                          ST p7, [sp, #-32]
	    52    0x00 0x2c 0xf0 0x00 0x20 0x00 0x00 0x03 0xec 0x1e 0xc1 0x36                      NOPA;                         NOPB;                         ST lr, [sp, #-40];            NOPX
.label TGT_Fcore_0_2_64
.loop_nesting 1
.no_stack_arguments
	    64    0x00 0x00 0x00 0x00 0x01 0x04                                                                                                                                              JL #llvm___aie2p___acquire
.delay_slot
	    70    0xf8 0x5f 0xa0 0x20 0xd1 0x64                                                                                                                                              MOVX r1, #-1;                 MOV r0, #52
.delay_slot
.swstall delay_slot
	    76    0x00 0x00                                                                        NOPX
.delay_slot
.swstall delay_slot
	    78    0x00 0x00                                                                        NOPX
.delay_slot
.swstall delay_slot
	    80    0x00 0x00                                                                        NOPX
.delay_slot
.swstall delay_slot
	    82    0x00 0x2c 0xf0 0x02 0xb6 0x00 0x00 0x40 0x1a 0x57 0x00 0x00 0x1c 0x2e            NOPA;                                                       NOPS;                                                       NOPM;                                   NOPV
.return_address
.no_stack_arguments
	    96    0x00 0x00 0x00 0x00 0x01 0x04                                                                                                                                              JL #zero_f32
.delay_slot
	   102    0x00 0x00 0x00 0xc0 0x00 0x44                                                                                                                                              MOVXM p0, #memOutput_buff_0
.delay_slot
	   108    0x0e 0x80 0x8b 0x18                                                                                                                          MOVS p6, p0
.delay_slot
.swstall delay_slot
	   112    0x00 0x00                                                                        NOPX
.delay_slot
.swstall delay_slot
	   114    0x00 0x00                                                                        NOPX
.delay_slot
.swstall delay_slot
	   116    0x00 0x2c 0xf0 0x00 0x20 0x00 0x00 0x00 0x00 0xad 0x81 0x36                      NOPA;                         NOPB;                         NOPS;                         NOPX
.return_address
.no_stack_arguments
	   128    0x00 0x00 0x00 0x00 0x01 0x04                                                                                                                                              JL #llvm___aie2p___acquire
.delay_slot
	   134    0xf8 0x5f 0xa0 0x20 0xc5 0x64                                                                                                                                              MOVX r1, #-1;                 MOV r0, #49
.delay_slot
.swstall delay_slot
	   140    0x00 0x00                                                                        NOPX
.delay_slot
.swstall delay_slot
	   142    0x00 0x00                                                                        NOPX
.delay_slot
.swstall delay_slot
	   144    0x00 0x00                                                                        NOPX
.delay_slot
.swstall delay_slot
	   146    0x00 0x2c 0xf0 0x02 0xb6 0x00 0x00 0x40 0x1a 0x57 0x00 0x00 0x1c 0x2e            NOPA;                                                       NOPS;                                                       NOPM;                                   NOPV
.return_address
.no_stack_arguments
	   160    0x00 0x00 0x00 0x00 0x01 0x04                                                                                                                                              JL #llvm___aie2p___acquire
.delay_slot
	   166    0xf8 0x5f 0xa0 0x20 0xcd 0x64                                                                                                                                              MOVX r1, #-1;                 MOV r0, #51
.delay_slot
.swstall delay_slot
	   172    0x00 0x00                                                                        NOPX
.delay_slot
.swstall delay_slot
	   174    0x00 0x00                                                                        NOPX
.delay_slot
.swstall delay_slot
	   176    0x00 0x00                                                                        NOPX
.delay_slot
.swstall delay_slot
	   178    0x00 0x2c 0xf0 0x02 0xb6 0x00 0x00 0x40 0x1a 0x57 0x00 0x00 0x1c 0x2e            NOPA;                                                       NOPS;                                                       NOPM;                                   NOPV
.return_address
.no_stack_arguments
	   192    0x00 0x00 0x00 0x00 0x01 0x04                                                                                                                                              JL #fft_stockham_f32
.delay_slot
	   198    0x00 0x00 0x00 0xc0 0x00 0x44                                                                                                                                              MOVXM p0, #memInput_cons_buff_0
.delay_slot
	   204    0x00 0x00 0x02 0xc0 0x00 0x44                                                                                                                                              MOVXM p1, #memTwiddle_cons_buff_0
.delay_slot
	   210    0x53 0x11 0x60 0x00 0x00 0x03 0x30 0x20 0x11 0x3a                                                                                            MOVS p2, p6;                  MOVXM p6, #(TGT_Fcore_0_2_64 + 0)
.delay_slot
.swstall delay_slot
	   220    0x00 0x00                                                                        NOPX
.delay_slot
.swstall delay_slot
	   222    0x00 0x00                                                                        NOPX
.return_address
.no_stack_arguments
	   224    0x00 0x00 0x00 0x00 0x01 0x04                                                                                                                                              JL #llvm___aie2p___release
.delay_slot
	   230    0x00 0x40 0xa0 0x20 0xc1 0x64                                                                                                                                              MOVX r1, #1;                  MOV r0, #48
.delay_slot
.swstall delay_slot
	   236    0x00 0x00                                                                        NOPX
.delay_slot
.swstall delay_slot
	   238    0x00 0x00                                                                        NOPX
.delay_slot
.swstall delay_slot
	   240    0x00 0x00                                                                        NOPX
.delay_slot
.swstall delay_slot
	   242    0x00 0x2c 0xf0 0x02 0xb6 0x00 0x00 0x40 0x1a 0x57 0x00 0x00 0x1c 0x2e            NOPA;                                                       NOPS;                                                       NOPM;                                   NOPV
.return_address
.no_stack_arguments
	   256    0x00 0x00 0x00 0x00 0x01 0x04                                                                                                                                              JL #llvm___aie2p___release
.delay_slot
	   262    0x00 0x40 0xa0 0x20 0xc9 0x64                                                                                                                                              MOVX r1, #1;                  MOV r0, #50
.delay_slot
.swstall delay_slot
	   268    0x00 0x00                                                                        NOPX
.delay_slot
.swstall delay_slot
	   270    0x00 0x00                                                                        NOPX
.delay_slot
.swstall delay_slot
	   272    0x00 0x00                                                                        NOPX
.delay_slot
.swstall delay_slot
	   274    0x00 0x2c 0xf0 0x02 0xb6 0x00 0x00 0x40 0x1a 0x57 0x00 0x00 0x1c 0x2e            NOPA;                                                       NOPS;                                                       NOPM;                                   NOPV
.return_address
.no_stack_arguments
	   288    0x00 0x00 0x00 0x00 0x01 0x04                                                                                                                                              JL #llvm___aie2p___release
.delay_slot
	   294    0x00 0x40 0xa0 0x20 0xd5 0x64                                                                                                                                              MOVX r1, #1;                  MOV r0, #53
.delay_slot
.swstall delay_slot
	   300    0x00 0x00                                                                        NOPX
.delay_slot
.swstall delay_slot
	   302    0x00 0x00                                                                        NOPX
.delay_slot
.swstall delay_slot
	   304    0x00 0x00                                                                        NOPX
.delay_slot
.swstall delay_slot
	   306    0x00 0x2c 0xf0 0x02 0xb6 0x00 0x00 0x40 0x1a 0x57 0x00 0x00 0x1c 0x2e            NOPA;                                                       NOPS;                                                       NOPM;                                   NOPV
.return_address
.no_stack_arguments
	   320    0x00 0x00 0x00 0x00 0x01 0x04                                                                                                                                              JL #llvm___aie2p___acquire
.delay_slot
	   326    0x00 0x1a 0x20 0xbf 0xfd 0x64                                                                                                                                              MOVX r0, #52;                 MOV r1, #-1
.delay_slot
.swstall delay_slot
	   332    0x00 0x00                                                                        NOPX
.delay_slot
.swstall delay_slot
	   334    0x00 0x00                                                                        NOPX
.delay_slot
.swstall delay_slot
	   336    0x00 0x00                                                                        NOPX
.delay_slot
.swstall delay_slot
	   338    0x00 0x2c 0xf0 0x02 0xb6 0x00 0x00 0x40 0x1a 0x57 0x00 0x00 0x1c 0x2e            NOPA;                                                       NOPS;                                                       NOPM;                                   NOPV
.return_address
.no_stack_arguments
	   352    0x00 0x00 0x00 0x00 0x01 0x04                                                                                                                                              JL #zero_f32
.delay_slot
	   358    0x00 0x00 0x00 0xc0 0x00 0x44                                                                                                                                              MOVXM p0, #memOutput_buff_1
.delay_slot
	   364    0x0f 0x80 0x8b 0x18                                                                                                                          MOVS p7, p0
.delay_slot
.swstall delay_slot
	   368    0x00 0x00                                                                        NOPX
.delay_slot
.swstall delay_slot
	   370    0x00 0x00                                                                        NOPX
.delay_slot
.swstall delay_slot
	   372    0x00 0x2c 0xf0 0x00 0x20 0x00 0x00 0x00 0x00 0xad 0x81 0x36                      NOPA;                         NOPB;                         NOPS;                         NOPX
.return_address
.no_stack_arguments
	   384    0x00 0x00 0x00 0x00 0x01 0x04                                                                                                                                              JL #llvm___aie2p___acquire
.delay_slot
	   390    0xf8 0x5f 0xa0 0x20 0xc5 0x64                                                                                                                                              MOVX r1, #-1;                 MOV r0, #49
.delay_slot
.swstall delay_slot
	   396    0x00 0x00                                                                        NOPX
.delay_slot
.swstall delay_slot
	   398    0x00 0x00                                                                        NOPX
.delay_slot
.swstall delay_slot
	   400    0x00 0x00                                                                        NOPX
.delay_slot
.swstall delay_slot
	   402    0x00 0x2c 0xf0 0x02 0xb6 0x00 0x00 0x40 0x1a 0x57 0x00 0x00 0x1c 0x2e            NOPA;                                                       NOPS;                                                       NOPM;                                   NOPV
.return_address
.no_stack_arguments
	   416    0x00 0x00 0x00 0x00 0x01 0x04                                                                                                                                              JL #llvm___aie2p___acquire
.delay_slot
	   422    0xf8 0x5f 0xa0 0x20 0xcd 0x64                                                                                                                                              MOVX r1, #-1;                 MOV r0, #51
.delay_slot
.swstall delay_slot
	   428    0x00 0x00                                                                        NOPX
.delay_slot
.swstall delay_slot
	   430    0x00 0x00                                                                        NOPX
.delay_slot
.swstall delay_slot
	   432    0x00 0x00                                                                        NOPX
.delay_slot
.swstall delay_slot
	   434    0x00 0x2c 0xf0 0x02 0xb6 0x00 0x00 0x40 0x1a 0x57 0x00 0x00 0x1c 0x2e            NOPA;                                                       NOPS;                                                       NOPM;                                   NOPV
.return_address
.no_stack_arguments
	   448    0x00 0x00 0x00 0x00 0x01 0x04                                                                                                                                              JL #fft_stockham_f32
.delay_slot
	   454    0x00 0x00 0x00 0xc0 0x00 0x44                                                                                                                                              MOVXM p0, #memInput_cons_buff_1
.delay_slot
	   460    0x53 0x91 0x60 0x00 0x00 0x00 0xb0 0x00 0x11 0x3a                                                                                            MOVS p2, p7;                  MOVXM p1, #memTwiddle_cons_buff_1
.delay_slot
.swstall delay_slot
	   470    0x00 0x00                                                                        NOPX
.delay_slot
.swstall delay_slot
	   472    0x00 0x00                                                                        NOPX
.delay_slot
.swstall delay_slot
	   474    0x00 0x2c 0xf0 0x00 0x20 0x3c                                                    NOPA;                         NOPB
.return_address
.no_stack_arguments
	   480    0x00 0x00 0x00 0x00 0x01 0x04                                                                                                                                              JL #llvm___aie2p___release
.delay_slot
	   486    0x00 0x40 0xa0 0x20 0xc1 0x64                                                                                                                                              MOVX r1, #1;                  MOV r0, #48
.delay_slot
.swstall delay_slot
	   492    0x00 0x00                                                                        NOPX
.delay_slot
.swstall delay_slot
	   494    0x00 0x00                                                                        NOPX
.delay_slot
.swstall delay_slot
	   496    0x00 0x00                                                                        NOPX
.delay_slot
.swstall delay_slot
	   498    0x00 0x2c 0xf0 0x02 0xb6 0x00 0x00 0x40 0x1a 0x57 0x00 0x00 0x1c 0x2e            NOPA;                                                       NOPS;                                                       NOPM;                                   NOPV
.return_address
.no_stack_arguments
	   512    0x00 0x00 0x00 0x00 0x01 0x04                                                                                                                                              JL #llvm___aie2p___release
.delay_slot
	   518    0x00 0x40 0xa0 0x20 0xc9 0x64                                                                                                                                              MOVX r1, #1;                  MOV r0, #50
.delay_slot
.swstall delay_slot
	   524    0x00 0x00                                                                        NOPX
.delay_slot
.swstall delay_slot
	   526    0x00 0x00                                                                        NOPX
.delay_slot
.swstall delay_slot
	   528    0x00 0x00                                                                        NOPX
.delay_slot
.swstall delay_slot
	   530    0x00 0x2c 0xf0 0x02 0xb6 0x00 0x00 0x40 0x1a 0x57 0x00 0x00 0x1c 0x2e            NOPA;                                                       NOPS;                                                       NOPM;                                   NOPV
.return_address
.no_stack_arguments
	   544    0x00 0x00 0x00 0x00 0x01 0x04                                                                                                                                              JL #llvm___aie2p___release
.delay_slot
	   550    0x00 0x1a 0xa0 0xa0 0x05 0x64                                                                                                                                              MOVX r0, #53;                 MOV r1, #1
.delay_slot
.swstall delay_slot
	   556    0x00 0x00                                                                        NOPX
.delay_slot
.swstall delay_slot
	   558    0x00 0x00                                                                        NOPX
.delay_slot
.swstall delay_slot
	   560    0x00 0x00                                                                        NOPX
.delay_slot
.swstall delay_slot
	   562    0x00 0x2c 0xf0 0x02 0xb6 0x00 0x00 0x40 0x1a 0x57 0x00 0x00 0x1c 0x2e            NOPA;                                                       NOPS;                                                       NOPM;                                   NOPV
.return_address
	   576    0x13 0x9d 0xa0 0x18                                                                                                                                                        JNZD r14, r14, p6
.delay_slot
.swstall delay_slot
	   580    0x00 0x00                                                                        NOPX
.delay_slot
.swstall delay_slot
	   582    0x00 0x00                                                                        NOPX
.delay_slot
.swstall delay_slot
	   584    0x00 0x00                                                                        NOPX
.delay_slot
.swstall delay_slot
	   586    0x00 0x00                                                                        NOPX
.delay_slot
.swstall delay_slot
	   588    0x00 0x00                                                                        NOPX
.loop_nesting 0
	   590    0x07 0xd7 0x19 0x18                                                              LDA p6, [sp, #-44]
.no_stack_arguments
	   594    0x00 0x00 0x00 0x00 0x01 0x04                                                                                                                                              JL #llvm___aie2p___acquire
.delay_slot
.swstall delay_slot
	   600    0x00 0x00                                                                        NOPX
.delay_slot
.swstall delay_slot
	   602    0x00 0x00                                                                        NOPX
.delay_slot
.swstall delay_slot
	   604    0x00 0x00                                                                        NOPX
.delay_slot
.swstall delay_slot
	   606    0x00 0x00                                                                        NOPX
.delay_slot
	   608    0x00 0x2c 0xf0 0x00 0x20 0x01 0x5b 0x3e 0x17 0xe8 0x08 0x34 0x58 0x00 0x00 0xe1  NOPA;                         NOPB;                         NOPS;                         MOVX r1, #-1;                 MOV r0, #52;                            NOPV
.return_address
	   624    0x07 0xdd 0x51 0x18                                                              LDA r10, [sp, #-36]
.no_stack_arguments
	   628    0x00 0x00 0x00 0x00 0x01 0x04                                                                                                                                              JL #zero_f32
.delay_slot
.swstall delay_slot
	   634    0x00 0x00                                                                        NOPX
.delay_slot
.swstall delay_slot
	   636    0x00 0x00                                                                        NOPX
.delay_slot
.swstall delay_slot
	   638    0x00 0x00                                                                        NOPX
.delay_slot
.swstall delay_slot
	   640    0x00 0x00                                                                        NOPX
.delay_slot
	   642    0x00 0x2c 0xf0 0x00 0x20 0x00 0x00 0x06 0x00 0x02 0x00 0x2b 0x60 0x7e            NOPA;                         NOPB;                         NOPS;                         MOVXM p0, #memOutput_buff_0
.return_address
	   656    0x07 0xe5 0x71 0x18                                                              LDA r11, [sp, #-28]
	   660    0x07 0xe3 0x99 0x18                                                              LDA p7, [sp, #-32]
.no_stack_arguments
	   664    0x00 0x00 0x00 0x00 0x01 0x04                                                                                                                                              JL #llvm___aie2p___acquire
.delay_slot
.swstall delay_slot
	   670    0x00 0x00                                                                        NOPX
.delay_slot
.swstall delay_slot
	   672    0x00 0x00                                                                        NOPX
.delay_slot
.swstall delay_slot
	   674    0x00 0x00                                                                        NOPX
.delay_slot
.swstall delay_slot
	   676    0x00 0x00                                                                        NOPX
.delay_slot
	   678    0x00 0x2c 0xf0 0x3e 0x17 0xe8 0x08 0x31 0x58 0xba                                NOPA;                                                                                     MOVX r1, #-1;                 MOV r0, #49
.return_address
	   688    0x07 0xed 0x91 0x18                                                              LDA r12, [sp, #-20]
	   692    0x07 0xe9 0xb1 0x18                                                              LDA r13, [sp, #-24]
.no_stack_arguments
	   696    0x00 0x00 0x00 0x00 0x01 0x04                                                                                                                                              JL #llvm___aie2p___acquire
.delay_slot
.swstall delay_slot
	   702    0x00 0x00                                                                        NOPX
.delay_slot
.swstall delay_slot
	   704    0x00 0x00                                                                        NOPX
.delay_slot
.swstall delay_slot
	   706    0x00 0x00                                                                        NOPX
.delay_slot
.swstall delay_slot
	   708    0x00 0x00                                                                        NOPX
.delay_slot
	   710    0x00 0x2c 0xf0 0x3e 0x17 0xe8 0x08 0x33 0x58 0xba                                NOPA;                                                                                     MOVX r1, #-1;                 MOV r0, #51
.return_address
	   720    0x07 0xf1 0xd1 0x18                                                              LDA r14, [sp, #-16]
.no_stack_arguments
	   724    0x00 0x00 0x00 0x00 0x01 0x04                                                                                                                                              JL #fft_stockham_f32
.delay_slot
.swstall delay_slot
	   730    0x00 0x00                                                                        NOPX
.delay_slot
.swstall delay_slot
	   732    0x00 0x00                                                                        NOPX
.delay_slot
	   734    0x00 0x00 0x04 0xc0 0x00 0x44                                                                                                                                              MOVXM p2, #memOutput_buff_0
.delay_slot
	   740    0x00 0x00 0x00 0xc0 0x00 0x44                                                                                                                                              MOVXM p0, #memInput_cons_buff_0
.delay_slot
	   746    0x00 0x00 0x02 0xc0 0x00 0x44                                                                                                                                              MOVXM p1, #memTwiddle_cons_buff_0
.return_address
	   752    0x07 0xf5 0xf1 0x18                                                              LDA r15, [sp, #-12]
.no_stack_arguments
	   756    0x00 0x00 0x00 0x00 0x01 0x04                                                                                                                                              JL #llvm___aie2p___release
.delay_slot
.swstall delay_slot
	   762    0x00 0x00                                                                        NOPX
.delay_slot
.swstall delay_slot
	   764    0x00 0x00                                                                        NOPX
.delay_slot
.swstall delay_slot
	   766    0x00 0x00                                                                        NOPX
.delay_slot
.swstall delay_slot
	   768    0x00 0x00                                                                        NOPX
.delay_slot
	   770    0x00 0x2c 0xf0 0x00 0x20 0x02 0x05 0x01 0x06 0x0b 0x00 0x2b 0x60 0x7e            NOPA;                         NOPB;                         NOPS;                         MOVX r1, #1;                  MOV r0, #48
.return_address
	   784    0x07 0xf9 0x31 0x18                                                              LDA r9, [sp, #-8]
.no_stack_arguments
	   788    0x00 0x00 0x00 0x00 0x01 0x04                                                                                                                                              JL #llvm___aie2p___release
.delay_slot
.swstall delay_slot
	   794    0x00 0x00                                                                        NOPX
.delay_slot
.swstall delay_slot
	   796    0x00 0x00                                                                        NOPX
.delay_slot
.swstall delay_slot
	   798    0x00 0x00                                                                        NOPX
.delay_slot
.swstall delay_slot
	   800    0x00 0x00                                                                        NOPX
.delay_slot
	   802    0x00 0x2c 0xf0 0x00 0x20 0x02 0x05 0x01 0x06 0x4b 0x00 0x2b 0x60 0x7e            NOPA;                         NOPB;                         NOPS;                         MOVX r1, #1;                  MOV r0, #50
.return_address
	   816    0x07 0xfd 0x11 0x18                                                              LDA r8, [sp, #-4]
	   820    0x07 0xd8 0x39 0x18                                                              LDA lr, [sp, #-40]
.tail_call
	   824    0x00 0x00 0x00 0x00 0x00 0x84                                                                                                                                              J #llvm___aie2p___release
.delay_slot
.swstall delay_slot
	   830    0x00 0x00                                                                        NOPX
.delay_slot
.swstall delay_slot
	   832    0x00 0x00                                                                        NOPX
.delay_slot
.swstall delay_slot
	   834    0x00 0x00                                                                        NOPX
.delay_slot
	   836    0x10 0x00 0xd5 0x18                                                                                                                                                        MOVX r0, #53
.label core_0_2__end last
.delay_slot
	   840    0x00 0x21 0x00 0x3f 0xfe 0x00 0x00 0x00 0x70 0xba                                MOVA r1, #1;                                                                              PADDXM [sp], #-64

.undef global data memOutput_buff_0

.undef global data memInput_cons_buff_0

.undef global data memTwiddle_cons_buff_0

.undef global data memOutput_buff_1

.undef global data memInput_cons_buff_1

.undef global data memTwiddle_cons_buff_1

.undef global text llvm___aie2p___acquire

.undef global text zero_f32

.undef global text fft_stockham_f32

.undef global text llvm___aie2p___release

.text_segment_name
.text global 10 llvm___aie2p___acquire
.function_start
	     0    0x10 0x12 0x18 0x18                                                                                                                                                        ACQ r0, r1
	     4    0x10 0x28 0x00 0x18                                                                                                                                                        RET lr
.delay_slot
.swstall delay_slot
	     8    0x00 0x00                                                                        NOPX
.delay_slot
.swstall delay_slot
	    10    0x00 0x00                                                                        NOPX
.delay_slot
.swstall delay_slot
	    12    0x00 0x00                                                                        NOPX
.delay_slot
.swstall delay_slot
	    14    0x00 0x00                                                                        NOPX
.label llvm___aie2p___acquire__end last
.delay_slot
.swstall delay_slot
	    16    0x00 0x00                                                                        NOPX

.text_segment_name
.text global 10 llvm___aie2p___release
.function_start
	     0    0x10 0x10 0x18 0x18                                                                                                                                                        REL r0, r1
	     4    0x10 0x28 0x00 0x18                                                                                                                                                        RET lr
.delay_slot
.swstall delay_slot
	     8    0x00 0x00                                                                        NOPX
.delay_slot
.swstall delay_slot
	    10    0x00 0x00                                                                        NOPX
.delay_slot
.swstall delay_slot
	    12    0x00 0x00                                                                        NOPX
.delay_slot
.swstall delay_slot
	    14    0x00 0x00                                                                        NOPX
.label llvm___aie2p___release__end last
.delay_slot
.swstall delay_slot
	    16    0x00 0x00                                                                        NOPX

.text_segment_name
.text global 10 llvm___aie___event0
.function_start
	     0    0x10 0x28 0x00 0x18                                                                                                                                                        RET lr
.delay_slot
	     4    0x10 0x10 0x00 0x18                                                                                                                                                        EVENT #0
.delay_slot
.swstall delay_slot
	     8    0x00 0x00                                                                        NOPX
.delay_slot
.swstall delay_slot
	    10    0x00 0x00                                                                        NOPX
.delay_slot
.swstall delay_slot
	    12    0x00 0x00                                                                        NOPX
.label llvm___aie___event0__end last
.delay_slot
.swstall delay_slot
	    14    0x00 0x00                                                                        NOPX

.text_segment_name
.text global 10 llvm___aie___event1
.function_start
	     0    0x10 0x28 0x00 0x18                                                                                                                                                        RET lr
.delay_slot
	     4    0x12 0x10 0x00 0x18                                                                                                                                                        EVENT #1
.delay_slot
.swstall delay_slot
	     8    0x00 0x00                                                                        NOPX
.delay_slot
.swstall delay_slot
	    10    0x00 0x00                                                                        NOPX
.delay_slot
.swstall delay_slot
	    12    0x00 0x00                                                                        NOPX
.label llvm___aie___event1__end last
.delay_slot
.swstall delay_slot
	    14    0x00 0x00                                                                        NOPX



.direct_eval +,-,(,)
