
// File generated by darts version U-2023.06#b8bbc031dd#240626, Tue Apr 21 01:12:08 2026
// Copyright 2014-2023 Synopsys, Inc. All rights reserved.
// darts -I/tools/ryzen_ai-1.3.1/vitis_aie_essentials/data/aie2p/lib -d -h -I/tools/ryzen_ai-1.3.1/vitis_aie_essentials/include -I/tools/ryzen_ai-1.3.1/vitis_aie_essentials/include -I/tools/ryzen_ai-1.3.1/vitis_aie_essentials/data/aie2p/lib/runtime_cxx/libcxx-lite/include -I/tools/ryzen_ai-1.3.1/vitis_aie_essentials/data/aie2p/lib/runtime_cxx/libs/libcxx-9.0.0/include-lite -I/tools/ryzen_ai-1.3.1/vitis_aie_essentials/data/aie2p/lib/runtime/include -D__AIENGINE__ -D__AIE_ARCH__=21 -D__AIEARCH__=21 -DFFT_SIZE=256 -D__tct_tgt__=240628 -L +Ihex +nanno fft_stockham_f32.o me

// Release: ipp U-2023.06-TGT-240628
.data_segment_name
.rodata local 64 _ZZL17fft_stockham_gemmILj256EEvPfPK8bfloat16S0_E9coeff_buf DMb
	0x80
	0x3f
	0x0
	0x0
	0x80
	0x3f
	0x0
	0x0
	0x80
	0x3f
	0x0
	0x0
	0x80
	0x3f
	0x0
	0x0
	0x0
	0x0
	0x80
	0x3f
	0x0
	0x0
	0x80
	0x3f
	0x0
	0x0
	0x80
	0x3f
	0x0
	0x0
	0x80
	0x3f
	0x80
	0x3f
	0x0
	0x0
	0x0
	0x0
	0x80
	0xbf
	0x80
	0xbf
	0x0
	0x0
	0x0
	0x0
	0x80
	0x3f
	0x0
	0x0
	0x80
	0x3f
	0x80
	0x3f
	0x0
	0x0
	0x0
	0x0
	0x80
	0xbf
	0x80
	0xbf
	0x0
	0x0
	0x80
	0x3f
	0x0
	0x0
	0x80
	0xbf
	0x0
	0x0
	0x80
	0x3f
	0x0
	0x0
	0x80
	0xbf
	0x0
	0x0
	0x0
	0x0
	0x80
	0x3f
	0x0
	0x0
	0x80
	0xbf
	0x0
	0x0
	0x80
	0x3f
	0x0
	0x0
	0x80
	0xbf
	0x80
	0x3f
	0x0
	0x0
	0x0
	0x0
	0x80
	0x3f
	0x80
	0xbf
	0x0
	0x0
	0x0
	0x0
	0x80
	0xbf
	0x0
	0x0
	0x80
	0x3f
	0x80
	0xbf
	0x0
	0x0
	0x0
	0x0
	0x80
	0xbf
	0x80
	0x3f
	0x0
	0x0

.undef local data _ZZL17fft_stockham_gemmILj256EEvPfPK8bfloat16S0_E9coeff_buf

.undef global data _ZN12me_primitive11control_satE

.undef global data _ZN12me_primitive11control_rndE

.text_segment_name
.text global 16 fft_stockham_f32
.function_start
	     0    0x40 0x02 0x80 0x00 0x10 0x00 0x00 0x00 0x70 0xba                                MOVA dj0, #512;                                                                           PADDXM [sp], #512
	    10    0x00 0x80 0x07 0xfb 0x1d 0x80 0x00 0x00 0xb0 0x00 0x10 0x76                      MOVA r0, #4;                                                ST p6, [sp, #-8];             MOVXM p1, #_ZZL17fft_stockham_gemmILj256EEvPfPK8bfloat16S0_E9coeff_buf
	    22    0x01 0xe2 0x02 0x08 0x68 0x5a 0x40 0x05 0x4c 0x0f 0xfb 0x3e 0xb0 0x7e            MOVA r2, #15;                 VLDB x0, [p1];                ST r15, [sp, #-40];           MOVX vaddSign0, #1;           MOV r1, p2
	    36    0x3f 0x80 0x82 0x28 0xe8 0x3a 0x71 0x26 0x5e 0x0f 0xfc 0x36 0xb0 0x7e            MOVA m0, #508;                VLDB x1, [p1, #64];           ST r13, [sp, #-32];           MOVX r29, #28;                MOV p2, sp
	    50    0x07 0x8d 0x07 0xff 0x9d 0x80 0x00 0x00 0xb0 0x00 0x10 0x76                      MOVA r13, #60;                                              ST p7, [sp, #-4];             MOVXM p1, #_ZN12me_primitive11control_rndE
	    62    0x08 0x0a 0x07 0xe5 0x55 0x80 0x00 0x00 0x78 0xd0 0x10 0x76                      MOVA r10, #64;                                              ST r10, [sp, #-28];           MOVXM ls, #(ZLS_Ffft_stockham_f32_416 + 0)
	    74    0x03 0xaf 0x07 0xe9 0x95 0x80 0x00 0x01 0xb9 0x00 0x10 0x76                      MOVA r15, #29;                                              ST r12, [sp, #-24];           MOVXM le, #(ZLE_Ffft_stockham_f32_512 + 0)
	    86    0x00 0x0c 0x07 0xed 0x75 0x80 0xb0 0x48 0x80 0x80 0x78 0x76                      MOVA r12, #0;                                               ST r11, [sp, #-20];           MOVX r11, #2;                 MOV m1, dj0
	    98    0x00 0x64 0x07 0xf1 0x35 0xbf 0xff 0xfd 0x05 0x02 0x10 0x76                      MOVA r4, #3;                                                ST r9, [sp, #-16];            MOVXM m2, #-1532
	   110    0x00 0x89 0x07 0xf5 0x15 0x80 0x50 0xa9 0x82 0x01 0xa8 0x76                      MOVA r9, #4;                                                ST r8, [sp, #-12];            MOVX r5, #5;                  VEXTBCST.128 x6, x0, #0
	   122    0x00 0xc8 0x06 0x88 0x8b 0x00 0x60 0xe8 0x82 0x05 0xa8 0x76                      MOVA r8, #6;                                                MOVS p6, p2;                  MOVX r6, #7;                  VEXTBCST.128 x2, x0, #2
	   134    0x20 0x8c 0x55 0x1f 0x20 0x24 0x11 0x18 0x40 0xf5 0x71 0x11 0x60 0x7e            LDA.s8 r3, [p1];              PADDB [p2], #-512;            MOVS p3, p2;                  MOVX r18, #4;                 VEXTBCST.128 x3, x0, #3
	   148    0xff 0x36 0x63 0x9f 0x90 0x01 0x06 0x01 0xa6 0xba                                                              PADDB [p3], #-448;            VST x6, [sp, #-128];                                        VEXTBCST.128 x4, x1, #0
	   158    0x93 0x11 0x60 0x01 0x46 0x03 0xa0 0x02                                                                                                      MOVS p4, p6;                                                VEXTBCST.128 x5, x1, #1
	   166    0xf3 0x11 0x64 0xaf 0x90 0x01 0xc6 0x05 0xa6 0xba                                                              PADDB [p4], #-384;            MOVS p7, p6;                                                VEXTBCST.128 x7, x1, #2
	   176    0xdb 0x8c 0xff 0x9f 0x21 0x98 0x8b 0x02 0x0a 0x60 0x70 0xf6                      PADDA [p6], #-192;            PADDB [p7], #-256;            MOVS p1, p6;                                                MOV r16, p2
	   188    0xfb 0xba 0xb1 0xbf 0x90 0x00 0x02 0x03 0xa6 0xba                                                              PADDB [p1], #-320;            ST r14, [sp, #-36];                                         VEXTBCST.128 x0, x0, #1
	   198    0x18 0x8c 0x0f 0x58                                                                                                                                                                                      VEXTBCST.128 x1, x1, #3
	   202    0x00 0x23 0x00 0x07 0xd4 0x01 0xcc 0x60 0x78 0xba                                MOVA r3, #1;                                                                              MOVX crRnd, r3;               MOV r14, p4
	   212    0x00 0x2c 0xf3 0xad 0x81 0xd4                                                    NOPA;                                                                                                                   MOV r7, p3
	   218    0x00 0x00 0x04 0xc1 0xc0 0x44                                                                                                                                              MOVXM p2, #(TGT_Ffft_stockham_f32_224 + 0)
.label TGT_Ffft_stockham_f32_224
.loop_nesting 1
	   224    0x03 0x82 0xb0 0x25 0xb5 0x66 0x2c 0xbf 0x08 0xba                                VLDA bmll0, [p0], #64;                                                                    LTU r27, r18, r10;            ADD.NC r17, r18, #-4
	   234    0x03 0x86 0xb0 0x15 0x29 0x12 0xb8 0x02 0x58 0xba                                VLDA bmlh0, [p0], #64;                                                                    SEL.EQZ r18, r10, r18, r27;   MOV lc, #2
	   244    0x14 0xa7 0x11 0x98                                                                                                                                                        SUB r19, r18, r17
	   248    0x00 0x00                                                                        NOPX
	   250    0x00 0x00                                                                        NOPX
	   252    0x00 0x00                                                                        NOPX
	   254    0x00 0x00                                                                        NOPX
	   256    0x00 0x00                                                                        NOPX
	   258    0x0c 0x10 0x16 0x18                                                                                                                          VCONV.bf16.fp32 x8, cml0
.aggressive_scheduled_block_id 1
.aggressive_scheduled_block_id first
	   262    0x00 0x00                                                                        NOPX
.aggressive_scheduled_block_id 1
.noswbrkpt
	   264    0x05 0x44 0x3c 0x66 0x68 0x08 0x3f 0x62                                                                                                                                                                  VSHUFFLE x10, x8, x8, r15;              VSUB.f dm0, dm0, dm2, r13
.aggressive_scheduled_block_id 1
.aggressive_scheduled_block_id last
.nohwbrkpt
.noswbrkpt
	   272    0x1a 0x11 0x8a 0xf8                                                                                                                                                                                      VCONV.fp32.bf16 cml2, x8
	   276    0x1c 0xd3 0x33 0x78                                                                                                                                                                                      VEXTBCSTSHFL.64 x9, x10, r12, r29
	   280    0x1d 0xd0 0xf3 0x78                                                                                                                                                                                      VEXTBCSTSHFL.64 x11, x10, r3, r29
	   284    0x04 0xd1 0xb3 0x66 0x69 0xf2 0xc1 0x62                                                                                                                                                                  VEXTBCSTSHFL.64 x9, x10, r6, r29;       VMUL.f dm1, x9, x6, r13
.aggressive_scheduled_block_id 2
.aggressive_scheduled_block_id first
	   292    0x00 0x00                                                                        NOPX
.aggressive_scheduled_block_id 2
.noswbrkpt
	   294    0x82 0x02 0xc0 0x02 0xe9 0x79 0xb0 0x02                                                                                                      VCONV.bf16.fp32 x8, cml0;                                   VEXTBCSTSHFL.64 x11, x10, r11, r29
.aggressive_scheduled_block_id 2
.aggressive_scheduled_block_id last
.nohwbrkpt
.noswbrkpt
	   302    0x69 0x36 0x01 0x48                                                                                                                                                                                                                              VMAC.f dm1, dm1, x11, x0, r13
.aggressive_scheduled_block_id 3
.aggressive_scheduled_block_id first
	   306    0x00 0x00                                                                        NOPX
.aggressive_scheduled_block_id 3
.noswbrkpt
	   308    0x1d 0xd1 0x33 0x78                                                                                                                                                                                      VEXTBCSTSHFL.64 x11, x10, r4, r29
.aggressive_scheduled_block_id 3
.aggressive_scheduled_block_id last
.nohwbrkpt
.noswbrkpt
	   312    0x69 0x36 0x41 0x48                                                                                                                                                                                                                              VMAC.f dm1, dm1, x11, x2, r13
.aggressive_scheduled_block_id 4
.aggressive_scheduled_block_id first
	   316    0x00 0x00                                                                        NOPX
.aggressive_scheduled_block_id 4
.noswbrkpt
	   318    0x1d 0xd2 0x73 0x78                                                                                                                                                                                      VEXTBCSTSHFL.64 x11, x10, r9, r29
.aggressive_scheduled_block_id 4
.nohwbrkpt
.noswbrkpt
	   322    0x69 0x36 0x61 0x48                                                                                                                                                                                                                              VMAC.f dm1, dm1, x11, x3, r13
.aggressive_scheduled_block_id 4
.noswbrkpt
	   326    0x1d 0x52 0x33 0x78                                                                                                                                                                                      VEXTBCSTSHFL.64 x10, x10, r8, r29
.aggressive_scheduled_block_id 4
.nohwbrkpt
.noswbrkpt
	   330    0x1d 0xd1 0x73 0x78                                                                                                                                                                                      VEXTBCSTSHFL.64 x11, x10, r5, r29
.aggressive_scheduled_block_id 4
.aggressive_scheduled_block_id last
.nohwbrkpt
.noswbrkpt
	   334    0x69 0x36 0x81 0x48                                                                                                                                                                                                                              VMAC.f dm1, dm1, x11, x4, r13
	   338    0x00 0x00                                                                        NOPX
	   340    0x00 0x00                                                                        NOPX
	   342    0x69 0x36 0xa1 0x48                                                                                                                                                                                                                              VMAC.f dm1, dm1, x11, x5, r13
.aggressive_scheduled_block_id 5
.aggressive_scheduled_block_id first
	   346    0x00 0x00                                                                        NOPX
.aggressive_scheduled_block_id 5
.noswbrkpt
	   348    0x1d 0x44 0x3c 0x78                                                                                                                                                                                      VSHUFFLE x10, x8, x8, r15
.aggressive_scheduled_block_id 5
.aggressive_scheduled_block_id last
.nohwbrkpt
.noswbrkpt
	   352    0x69 0x34 0xe1 0x48                                                                                                                                                                                                                              VMAC.f dm1, dm1, x10, x7, r13
.aggressive_scheduled_block_id 6
.aggressive_scheduled_block_id first
	   356    0x1d 0xd3 0x33 0x78                                                                                                                                                                                      VEXTBCSTSHFL.64 x11, x10, r12, r29
.aggressive_scheduled_block_id 6
.noswbrkpt
	   360    0x1c 0xd0 0xf3 0x78                                                                                                                                                                                      VEXTBCSTSHFL.64 x9, x10, r3, r29
.aggressive_scheduled_block_id 6
.aggressive_scheduled_block_id last
.nohwbrkpt
.noswbrkpt
	   364    0x69 0x32 0x21 0x48                                                                                                                                                                                                                              VMAC.f dm1, dm1, x9, x1, r13
.aggressive_scheduled_block_id 7
.aggressive_scheduled_block_id first
	   368    0x00 0x00                                                                        NOPX
.aggressive_scheduled_block_id 7
.noswbrkpt
	   370    0x1d 0xd1 0xb3 0x78                                                                                                                                                                                      VEXTBCSTSHFL.64 x11, x10, r6, r29
.aggressive_scheduled_block_id 7
.aggressive_scheduled_block_id last
.nohwbrkpt
.noswbrkpt
	   374    0x6b 0x36 0xc1 0x48                                                                                                                                                                                                                              VMAC.f dm3, dm1, x11, x6, r13
.aggressive_scheduled_block_id 8
.aggressive_scheduled_block_id first
	   378    0x00 0x00                                                                        NOPX
.aggressive_scheduled_block_id 8
.noswbrkpt
	   380    0x1c 0xd2 0xf3 0x78                                                                                                                                                                                      VEXTBCSTSHFL.64 x9, x10, r11, r29
.aggressive_scheduled_block_id 8
.aggressive_scheduled_block_id last
.nohwbrkpt
.noswbrkpt
	   384    0x6b 0x72 0x01 0x48                                                                                                                                                                                                                              VMAC.f dm3, dm3, x9, x0, r13
.aggressive_scheduled_block_id 9
.aggressive_scheduled_block_id first
	   388    0x00 0x00                                                                        NOPX
.aggressive_scheduled_block_id 9
.noswbrkpt
	   390    0x1c 0xd1 0x33 0x78                                                                                                                                                                                      VEXTBCSTSHFL.64 x9, x10, r4, r29
.aggressive_scheduled_block_id 9
.aggressive_scheduled_block_id last
.nohwbrkpt
.noswbrkpt
	   394    0x6b 0x72 0x41 0x48                                                                                                                                                                                                                              VMAC.f dm3, dm3, x9, x2, r13
.aggressive_scheduled_block_id 10
.aggressive_scheduled_block_id first
	   398    0x00 0x00                                                                        NOPX
.aggressive_scheduled_block_id 10
.noswbrkpt
	   400    0x1c 0xd2 0x73 0x78                                                                                                                                                                                      VEXTBCSTSHFL.64 x9, x10, r9, r29
.aggressive_scheduled_block_id 10
.nohwbrkpt
.noswbrkpt
	   404    0x6b 0x72 0x61 0x48                                                                                                                                                                                                                              VMAC.f dm3, dm3, x9, x3, r13
.aggressive_scheduled_block_id 10
.noswbrkpt
	   408    0x00 0x2b 0x60 0x02 0xa9 0x19 0xb0 0x02                                                                                                      NOPS;                                                       VEXTBCSTSHFL.64 x10, x10, r8, r29
.label ZLS_Ffft_stockham_f32_416
.loop_nesting 2
.begin_of_loop
.aggressive_scheduled_block_id 10
.nohwbrkpt
.noswbrkpt
	   416    0x04 0xd1 0x73 0x66 0x68 0x08 0x3f 0x62                                                                                                                                                                  VEXTBCSTSHFL.64 x9, x10, r5, r29;       VSUB.f dm0, dm0, dm2, r13
.aggressive_scheduled_block_id 10
.nohwbrkpt
.noswbrkpt
	   424    0x02 0x11 0x8a 0xe6 0x6c 0x72 0x81 0x62                                                                                                                                                                  VCONV.fp32.bf16 cml2, x8;               VMAC.f dm4, dm3, x9, x4, r13
.aggressive_scheduled_block_id 10
.nohwbrkpt
.noswbrkpt
	   432    0x00 0x00                                                                        NOPX
.aggressive_scheduled_block_id 10
.nohwbrkpt
.noswbrkpt
	   434    0x00 0x00                                                                        NOPX
.aggressive_scheduled_block_id 10
.nohwbrkpt
.noswbrkpt
	   436    0x6c 0x92 0xa1 0x48                                                                                                                                                                                                                              VMAC.f dm4, dm4, x9, x5, r13
.aggressive_scheduled_block_id 10
.nohwbrkpt
.noswbrkpt
	   440    0x00 0x00                                                                        NOPX
.aggressive_scheduled_block_id 10
.nohwbrkpt
.noswbrkpt
	   442    0x0c 0x10 0x16 0x18                                                                                                                          VCONV.bf16.fp32 x8, cml0
.aggressive_scheduled_block_id 10
.nohwbrkpt
.noswbrkpt
	   446    0x6c 0x94 0xe1 0x48                                                                                                                                                                                                                              VMAC.f dm4, dm4, x10, x7, r13
.aggressive_scheduled_block_id 10
.nohwbrkpt
.noswbrkpt
	   450    0x1d 0x44 0x3c 0x78                                                                                                                                                                                      VSHUFFLE x10, x8, x8, r15
.aggressive_scheduled_block_id 10
.nohwbrkpt
.noswbrkpt
	   454    0x00 0x00                                                                        NOPX
.aggressive_scheduled_block_id 10
.nohwbrkpt
.noswbrkpt
	   456    0x05 0xd3 0x33 0x66 0x69 0x96 0x21 0x62                                                                                                                                                                  VEXTBCSTSHFL.64 x11, x10, r12, r29;     VMAC.f dm1, dm4, x11, x1, r13
.aggressive_scheduled_block_id 10
.nohwbrkpt
.noswbrkpt
	   464    0x1c 0xd0 0xf3 0x78                                                                                                                                                                                      VEXTBCSTSHFL.64 x9, x10, r3, r29
.aggressive_scheduled_block_id 10
.nohwbrkpt
.noswbrkpt
	   468    0x1d 0xd1 0xb3 0x78                                                                                                                                                                                      VEXTBCSTSHFL.64 x11, x10, r6, r29
.aggressive_scheduled_block_id 10
.nohwbrkpt
.noswbrkpt
	   472    0x6b 0x36 0xc1 0x48                                                                                                                                                                                                                              VMAC.f dm3, dm1, x11, x6, r13
.aggressive_scheduled_block_id 10
.nohwbrkpt
.noswbrkpt
	   476    0x00 0x00                                                                        NOPX
.aggressive_scheduled_block_id 10
.nohwbrkpt
.noswbrkpt
	   478    0x1c 0xd2 0xf3 0x78                                                                                                                                                                                      VEXTBCSTSHFL.64 x9, x10, r11, r29
.aggressive_scheduled_block_id 10
.nohwbrkpt
.noswbrkpt
	   482    0x6b 0x72 0x01 0x48                                                                                                                                                                                                                              VMAC.f dm3, dm3, x9, x0, r13
.aggressive_scheduled_block_id 10
.nohwbrkpt
.noswbrkpt
	   486    0x00 0x00                                                                        NOPX
.aggressive_scheduled_block_id 10
.nohwbrkpt
.noswbrkpt
	   488    0x1c 0xd1 0x33 0x78                                                                                                                                                                                      VEXTBCSTSHFL.64 x9, x10, r4, r29
.aggressive_scheduled_block_id 10
.nohwbrkpt
.noswbrkpt
	   492    0x6b 0x72 0x41 0x48                                                                                                                                                                                                                              VMAC.f dm3, dm3, x9, x2, r13
.aggressive_scheduled_block_id 10
.nohwbrkpt
.noswbrkpt
	   496    0x00 0x00                                                                        NOPX
.aggressive_scheduled_block_id 10
.nohwbrkpt
.noswbrkpt
	   498    0x1c 0xd2 0x73 0x78                                                                                                                                                                                      VEXTBCSTSHFL.64 x9, x10, r9, r29
.aggressive_scheduled_block_id 10
.nohwbrkpt
.noswbrkpt
	   502    0x00 0x2c 0xf0 0x00 0x10 0x1d 0x6b 0x72 0x61 0x4a                                NOPA;                         NOPB;                                                                                                                             VMAC.f dm3, dm3, x9, x3, r13
.label ZLE_Ffft_stockham_f32_512
.end_of_loop
.aggressive_scheduled_block_id 10
.nohwbrkpt
.noswbrkpt
	   512    0x00 0x2c 0xf0 0x00 0x20 0x01 0x5b 0x00 0x00 0x02 0xa9 0x19 0xb8 0x00 0x00 0xe1  NOPA;                         NOPB;                         NOPS;                         NOPX;                         VEXTBCSTSHFL.64 x10, x10, r8, r29;      NOPV
.loop_nesting 1
.aggressive_scheduled_block_id 10
.nohwbrkpt
.noswbrkpt
	   528    0x9c 0xc0 0xf9 0xa2 0xe6 0xe4                                                                                                                                              EQ r19, r19, r0;              VEXTBCSTSHFL.64 x9, x10, r5, r29
.aggressive_scheduled_block_id 10
.aggressive_scheduled_block_id last
.nohwbrkpt
.noswbrkpt
	   534    0x6c 0x72 0x81 0x48                                                                                                                                                                                                                              VMAC.f dm4, dm3, x9, x4, r13
	   538    0x00 0x00                                                                        NOPX
	   540    0x00 0x00                                                                        NOPX
	   542    0x6c 0x92 0xa1 0x48                                                                                                                                                                                                                              VMAC.f dm4, dm4, x9, x5, r13
	   546    0x00 0x00                                                                        NOPX
	   548    0x00 0x00                                                                        NOPX
	   550    0x6c 0x94 0xe1 0x48                                                                                                                                                                                                                              VMAC.f dm4, dm4, x10, x7, r13
	   554    0x00 0x00                                                                        NOPX
	   556    0x00 0x00                                                                        NOPX
	   558    0x69 0x96 0x21 0x48                                                                                                                                                                                                                              VMAC.f dm1, dm4, x11, x1, r13
	   562    0x00 0x00                                                                        NOPX
	   564    0x98 0x01 0xa0 0x40 0x01 0x84                                                                                                                                              JNZ r19, #TGT_Ffft_stockham_f32_832
.delay_slot
.swstall delay_slot
	   570    0x00 0x00                                                                        NOPX
.delay_slot
.swstall delay_slot
	   572    0x00 0x00                                                                        NOPX
.delay_slot
.swstall delay_slot
	   574    0x00 0x00                                                                        NOPX
.delay_slot
	   576    0x0f 0xf4 0x96 0x98                                                                                                                          VST bmll1, [sp, #-192]
.delay_slot
	   580    0x0f 0xf0 0xb6 0x98                                                                                                                          VST bmlh1, [sp, #-256]
	   584    0x14 0x65 0x2b 0x98                                                                                                                                                        GEU r18, r17, r18
	   588    0x90 0x02 0x48 0x40 0x01 0x84                                                                                                                                              JNZ r18, #TGT_Ffft_stockham_f32_1168
.delay_slot
.swstall delay_slot
	   594    0x00 0x00                                                                        NOPX
.delay_slot
.swstall delay_slot
	   596    0x00 0x00                                                                        NOPX
.delay_slot
.swstall delay_slot
	   598    0x00 0x00                                                                        NOPX
.delay_slot
.swstall delay_slot
	   600    0x00 0x00                                                                        NOPX
.delay_slot
.swstall delay_slot
	   602    0x00 0x00                                                                        NOPX
	   604    0x70 0x21 0x60 0x02 0x36 0x60 0x70 0x02                                                                                                      MOVS p3, r1;                                                MOV p4, p6
	   612    0x04 0x1c 0xee 0x98                                                              LDA el3, [p4], #4
	   616    0x04 0x1c 0x2e 0x98                                                              LDA el0, [p4], #4
	   620    0x04 0x1c 0x0e 0x98                                                              LDA eh0, [p4], #4
	   624    0x04 0x1c 0x6e 0x98                                                              LDA el1, [p4], #4
	   628    0x04 0x1c 0xae 0x98                                                              LDA el2, [p4], #4
	   632    0x04 0x1c 0x4e 0x98                                                              LDA eh1, [p4], #4
	   636    0x04 0x1c 0x8e 0x98                                                              LDA eh2, [p4], #4
	   640    0x83 0x9d 0xd6 0x39 0xd3 0x0c                                                    LDA el3, [p4], #4;                                          ST el3, [p3], #4
	   646    0x83 0x85 0xd6 0x10 0x53 0x0c                                                    LDA el0, [p4], #4;                                          ST el0, [p3], m0
	   652    0x83 0x81 0xd6 0x38 0x13 0x0c                                                    LDA eh0, [p4], #4;                                          ST eh0, [p3], #4
	   658    0x83 0x8d 0xd6 0x10 0xd3 0x0c                                                    LDA el1, [p4], #4;                                          ST el1, [p3], m0
	   664    0x83 0x95 0xd6 0x39 0x53 0x0c                                                    LDA el2, [p4], #4;                                          ST el2, [p3], #4
	   670    0x83 0x89 0xd6 0x10 0x93 0x0c                                                    LDA eh1, [p4], #4;                                          ST eh1, [p3], m0
	   676    0x83 0x91 0xd6 0x39 0x13 0x0c                                                    LDA eh2, [p4], #4;                                          ST eh2, [p3], #4
	   682    0x80 0x9d 0xd6 0x91 0xd3 0x0c                                                    LDA el3, [p4];                                              ST el3, [p3], m2
	   688    0x82 0x85 0xd3 0x1c 0x29 0x82 0x37 0x60 0x72 0xba                                LDA el0, [p4, #4];                                          ST el0, [p3], #4;                                           MOV p4, p7
	   698    0x83 0x81 0xd6 0x10 0x13 0x0c                                                    LDA eh0, [p4], #4;                                          ST eh0, [p3], m0
	   704    0x83 0x8d 0xd6 0x38 0xd3 0x0c                                                    LDA el1, [p4], #4;                                          ST el1, [p3], #4
	   710    0x83 0x95 0xd6 0x11 0x53 0x0c                                                    LDA el2, [p4], #4;                                          ST el2, [p3], m0
	   716    0x83 0x89 0xd6 0x38 0x93 0x0c                                                    LDA eh1, [p4], #4;                                          ST eh1, [p3], #4
	   722    0x83 0x91 0xd6 0x11 0x13 0x0c                                                    LDA eh2, [p4], #4;                                          ST eh2, [p3], m0
	   728    0x83 0xca 0xd6 0x39 0xd3 0x0c                                                    LDA r18, [p4], #4;                                          ST el3, [p3], #4
	   734    0x83 0x85 0xd6 0x90 0x53 0x0c                                                    LDA el0, [p4], #4;                                          ST el0, [p3], m2
	   740    0x83 0x81 0xd6 0x38 0x13 0x0c                                                    LDA eh0, [p4], #4;                                          ST eh0, [p3], #4
	   746    0x83 0x8d 0xd6 0x10 0xd3 0x0c                                                    LDA el1, [p4], #4;                                          ST el1, [p3], m0
	   752    0x83 0x95 0xd6 0x39 0x53 0x0c                                                    LDA el2, [p4], #4;                                          ST el2, [p3], #4
	   758    0x83 0xce 0xd6 0x10 0x93 0x0c                                                    LDA r19, [p4], #4;                                          ST eh1, [p3], m0
	   764    0x83 0x89 0xd6 0x39 0x13 0x0c                                                    LDA eh1, [p4], #4;                                          ST eh2, [p3], #4
	   770    0x83 0x91 0xd6 0x14 0xa3 0x0c                                                    LDA eh2, [p4], #4;                                          ST r18, [p3], m0
	   776    0x83 0x85 0xd6 0x38 0x53 0x0c                                                    LDA el0, [p4], #4;                                          ST el0, [p3], #4
	   782    0x80 0x81 0xd6 0x90 0x13 0x0c                                                    LDA eh0, [p4];                                              ST eh0, [p3], m2
	   788    0x82 0x8d 0xd6 0x38 0xd3 0x0c                                                    LDA el1, [p4, #4];                                          ST el1, [p3], #4
	   794    0x0b 0x08 0xa9 0x98                                                                                                                          ST el2, [p3], m0
	   798    0x63 0xce 0x30 0x00 0x00 0x92 0x00 0x00 0x21 0x3a                                                                                            ST r19, [p3], #4;             J #TGT_Ffft_stockham_f32_1168
.delay_slot
	   808    0x0b 0x08 0x49 0x98                                                                                                                          ST eh1, [p3], m0
.delay_slot
	   812    0x0b 0x1c 0x89 0x98                                                                                                                          ST eh2, [p3], #4
.delay_slot
	   816    0x0b 0x08 0x29 0x98                                                                                                                          ST el0, [p3], m0
.delay_slot
	   820    0x0b 0x04 0x09 0x98                                                                                                                          ST eh0, [p3]
.delay_slot
	   824    0x62 0x8d 0x30 0x00 0x01 0xa5 0x70 0x02                                                                                                      ST el1, [p3, #4];                                           NOPM
.label TGT_Ffft_stockham_f32_832
	   832    0xfd 0x34 0xbc 0x2d 0x4b 0x8e 0x0b 0x02 0xb1 0x60 0x70 0xf6                      VLDA wl6, [sp, #-192];        VLDB wl10, [p6, #32];         MOVS p3, r14;                                               MOV p5, p1
	   844    0xfc 0x4c 0xb7 0x16 0x24 0x02 0x31 0xd0 0x7e 0xba                                VLDA wl9, [sp, #-256];        VLDB wl8, [p7, #32];                                                                      MOV p4, r7
	   854    0x00 0x00                                                                        NOPX
	   856    0x00 0x00                                                                        NOPX
	   858    0x00 0x00                                                                        NOPX
	   860    0x00 0x00                                                                        NOPX
	   862    0x00 0x00                                                                        NOPX
	   864    0x1c 0x9a 0x01 0xb8                                                                                                                                                                                      VEXTRACT.32 r18, x6, #0, vaddSign0
	   868    0x1c 0xda 0x03 0xb8                                                                                                                                                                                      VEXTRACT.32 r19, x6, #1, vaddSign0
	   872    0xa3 0xca 0x30 0x02 0x55 0x00 0xd0 0x02                                                                                                      ST r18, [p5], #4;                                           VEXTRACT.32 r18, x10, #0, vaddSign0
	   880    0xa3 0xce 0x30 0x02 0x75 0x01 0xd0 0x02                                                                                                      ST r19, [p5], #4;                                           VEXTRACT.32 r19, x10, #1, vaddSign0
	   888    0xa3 0xca 0x30 0x02 0x53 0x00 0xd0 0x02                                                                                                      ST r18, [p5], #4;                                           VEXTRACT.32 r18, x9, #0, vaddSign0
	   896    0xa3 0xce 0x30 0x02 0x73 0x01 0xd0 0x02                                                                                                      ST r19, [p5], #4;                                           VEXTRACT.32 r19, x9, #1, vaddSign0
	   904    0xa3 0xca 0x30 0x02 0x51 0x00 0xd0 0x02                                                                                                      ST r18, [p5], #4;                                           VEXTRACT.32 r18, x8, #0, vaddSign0
	   912    0xa3 0xce 0x30 0x02 0x6d 0x02 0xd0 0x02                                                                                                      ST r19, [p5], #4;                                           VEXTRACT.32 r19, x6, #2, vaddSign0
	   920    0xa3 0xca 0x30 0x02 0x51 0x01 0xd0 0x02                                                                                                      ST r18, [p5], #4;                                           VEXTRACT.32 r18, x8, #1, vaddSign0
	   928    0x63 0xce 0x30 0x02 0x6d 0x03 0xd0 0x02                                                                                                      ST r19, [p3], #4;                                           VEXTRACT.32 r19, x6, #3, vaddSign0
	   936    0xb3 0xca 0x30 0x02 0x55 0x02 0xd0 0x02                                                                                                      ST r18, [p5], #-28;                                         VEXTRACT.32 r18, x10, #2, vaddSign0
.aggressive_scheduled_block_id 11
.aggressive_scheduled_block_id first
	   944    0x63 0xce 0x35 0x06 0xe4 0x02 0x75 0x03 0xd6 0xba                                                              VLDB wl11, [p5];              ST r19, [p3], #4;                                           VEXTRACT.32 r19, x10, #3, vaddSign0
.aggressive_scheduled_block_id 11
.noswbrkpt
	   954    0x63 0xca 0x30 0x02 0x73 0x02 0xd0 0x02                                                                                                      ST r18, [p3], #4;                                           VEXTRACT.32 r19, x9, #2, vaddSign0
.aggressive_scheduled_block_id 11
.nohwbrkpt
.noswbrkpt
	   962    0x63 0xce 0x30 0x02 0x4d 0x04 0xd0 0x02                                                                                                      ST r19, [p3], #4;                                           VEXTRACT.32 r18, x6, #4, vaddSign0
.aggressive_scheduled_block_id 11
.noswbrkpt
	   970    0xff 0x37 0x73 0x1e 0x71 0x82 0x53 0x03 0xd2 0xba                                VLDA x6, [sp, #-128];                                       ST r19, [p3], #4;                                           VEXTRACT.32 r18, x9, #3, vaddSign0
.aggressive_scheduled_block_id 11
.nohwbrkpt
.noswbrkpt
	   980    0x83 0xca 0x30 0x02 0x6d 0x05 0xd0 0x02                                                                                                      ST r18, [p4], #4;                                           VEXTRACT.32 r19, x6, #5, vaddSign0
.aggressive_scheduled_block_id 11
.nohwbrkpt
.noswbrkpt
	   988    0x63 0xca 0x30 0x02 0x51 0x02 0xd0 0x02                                                                                                      ST r18, [p3], #4;                                           VEXTRACT.32 r18, x8, #2, vaddSign0
.aggressive_scheduled_block_id 11
.nohwbrkpt
.noswbrkpt
	   996    0x83 0xce 0x30 0x02 0x51 0x03 0xd0 0x02                                                                                                      ST r19, [p4], #4;                                           VEXTRACT.32 r18, x8, #3, vaddSign0
.aggressive_scheduled_block_id 11
.nohwbrkpt
.noswbrkpt
	  1004    0x63 0xca 0x30 0x02 0x4d 0x06 0xd0 0x02                                                                                                      ST r18, [p3], #4;                                           VEXTRACT.32 r18, x6, #6, vaddSign0
.aggressive_scheduled_block_id 11
.nohwbrkpt
.noswbrkpt
	  1012    0x73 0xca 0x30 0x02 0x75 0x04 0xd0 0x02                                                                                                      ST r18, [p3], #-28;                                         VEXTRACT.32 r19, x10, #4, vaddSign0
.aggressive_scheduled_block_id 11
.nohwbrkpt
.noswbrkpt
	  1020    0x72 0x01 0x63 0x06 0xe4 0x02 0x4d 0x07 0xd6 0xba                                                              VLDB wl11, [p3];              MOVS p3, r16;                                               VEXTRACT.32 r18, x6, #7, vaddSign0
.aggressive_scheduled_block_id 11
.nohwbrkpt
.noswbrkpt
	  1030    0x63 0xca 0x30 0x02 0xb0 0x50 0x70 0x02                                                                                                      ST r18, [p3], #4;                                           MOV p5, r1
.aggressive_scheduled_block_id 11
.nohwbrkpt
.noswbrkpt
	  1038    0xa5 0x5d 0x50 0x02 0x75 0x05 0xd0 0x02                                                                                                      VST wl11, [p5], m1;                                         VEXTRACT.32 r19, x10, #5, vaddSign0
.aggressive_scheduled_block_id 11
.nohwbrkpt
.noswbrkpt
	  1046    0x83 0xce 0x30 0x02 0x55 0x06 0xd0 0x02                                                                                                      ST r19, [p4], #4;                                           VEXTRACT.32 r18, x10, #6, vaddSign0
.aggressive_scheduled_block_id 11
.nohwbrkpt
.noswbrkpt
	  1054    0x63 0xca 0x30 0x02 0x73 0x04 0xd0 0x02                                                                                                      ST r18, [p3], #4;                                           VEXTRACT.32 r19, x9, #4, vaddSign0
.aggressive_scheduled_block_id 11
.nohwbrkpt
.noswbrkpt
	  1062    0x83 0xce 0x30 0x02 0x55 0x07 0xd0 0x02                                                                                                      ST r19, [p4], #4;                                           VEXTRACT.32 r18, x10, #7, vaddSign0
.aggressive_scheduled_block_id 11
.nohwbrkpt
.noswbrkpt
	  1070    0x63 0xca 0x30 0x02 0x73 0x05 0xd0 0x02                                                                                                      ST r18, [p3], #4;                                           VEXTRACT.32 r19, x9, #5, vaddSign0
.aggressive_scheduled_block_id 11
.nohwbrkpt
.noswbrkpt
	  1078    0x83 0xce 0x30 0x02 0x53 0x06 0xd0 0x02                                                                                                      ST r19, [p4], #4;                                           VEXTRACT.32 r18, x9, #6, vaddSign0
.aggressive_scheduled_block_id 11
.nohwbrkpt
.noswbrkpt
	  1086    0x63 0xca 0x30 0x02 0x71 0x04 0xd0 0x02                                                                                                      ST r18, [p3], #4;                                           VEXTRACT.32 r19, x8, #4, vaddSign0
.aggressive_scheduled_block_id 11
.nohwbrkpt
.noswbrkpt
	  1094    0x83 0xce 0x30 0x02 0x53 0x07 0xd0 0x02                                                                                                      ST r19, [p4], #4;                                           VEXTRACT.32 r18, x9, #7, vaddSign0
.aggressive_scheduled_block_id 11
.nohwbrkpt
.noswbrkpt
	  1102    0x63 0xca 0x30 0x02 0x71 0x05 0xd0 0x02                                                                                                      ST r18, [p3], #4;                                           VEXTRACT.32 r19, x8, #5, vaddSign0
.aggressive_scheduled_block_id 11
.nohwbrkpt
.noswbrkpt
	  1110    0x83 0xce 0x30 0x02 0x51 0x06 0xd0 0x02                                                                                                      ST r19, [p4], #4;                                           VEXTRACT.32 r18, x8, #6, vaddSign0
.aggressive_scheduled_block_id 11
.nohwbrkpt
.noswbrkpt
	  1118    0x63 0xca 0x30 0x02 0x71 0x07 0xd0 0x02                                                                                                      ST r18, [p3], #4;                                           VEXTRACT.32 r19, x8, #7, vaddSign0
.aggressive_scheduled_block_id 11
.aggressive_scheduled_block_id last
.nohwbrkpt
.noswbrkpt
	  1126    0x0c 0x9e 0x71 0x98                                                                                                                          ST r19, [p4], #-28
	  1130    0x80 0xc4 0x86 0x3c 0xa3 0x4c                                                                                  VLDB wl8, [p4];               ST r18, [p3], #4
	  1136    0x0b 0x9e 0x71 0x98                                                                                                                          ST r19, [p3], #-28
	  1140    0x60 0xc0 0x8a 0x55 0xd5 0x4c                                                                                  VLDB wh8, [p3];               VST wl11, [p5], m1
	  1146    0x00 0x00                                                                        NOPX
	  1148    0x00 0x00                                                                        NOPX
	  1150    0x00 0x00                                                                        NOPX
	  1152    0x00 0x00                                                                        NOPX
	  1154    0x0d 0x06 0x2a 0x98                                                                                                                          VST wl8, [p5]
	  1158    0x00 0x00                                                                        NOPX
	  1160    0xa0 0x41 0x50 0x00 0x01 0xa5 0x70 0x02                                                                                                      VST wh8, [p5, dj0];                                         NOPM
.label TGT_Ffft_stockham_f32_1168
	  1168    0x10 0x84 0xa0 0x18                                                                                                                                                        JNZD r2, r2, p2
.delay_slot
	  1172    0x8c 0x84 0x60 0xa1 0x20 0x24                                                                                                                                              ADD r18, r17, #8;             ADD.NC r1, r1, #32
.delay_slot
.swstall delay_slot
	  1178    0x00 0x00                                                                        NOPX
.delay_slot
.swstall delay_slot
	  1180    0x00 0x00                                                                        NOPX
.delay_slot
.swstall delay_slot
	  1182    0x00 0x00                                                                        NOPX
.delay_slot
.swstall delay_slot
	  1184    0x00 0x00                                                                        NOPX
.loop_nesting 0
	  1186    0x07 0xd9 0xf1 0x18                                                              LDA r15, [sp, #-40]
	  1190    0x07 0xdd 0xd1 0x18                                                              LDA r14, [sp, #-36]
	  1194    0x07 0xe1 0xb1 0x18                                                              LDA r13, [sp, #-32]
	  1198    0x07 0xe5 0x51 0x18                                                              LDA r10, [sp, #-28]
	  1202    0x07 0xe9 0x91 0x18                                                              LDA r12, [sp, #-24]
	  1206    0x07 0xed 0x71 0x18                                                              LDA r11, [sp, #-20]
	  1210    0x07 0xf1 0x31 0x18                                                              LDA r9, [sp, #-16]
	  1214    0x07 0xf5 0x11 0x18                                                              LDA r8, [sp, #-12]
	  1218    0x07 0xfb 0x19 0x18                                                              LDA p6, [sp, #-8]
	  1222    0x07 0xff 0x99 0x18                                                              LDA p7, [sp, #-4]
	  1226    0x10 0x28 0x00 0x18                                                                                                                                                        RET lr
.delay_slot
.swstall delay_slot
	  1230    0x00 0x00                                                                        NOPX
.delay_slot
.swstall delay_slot
	  1232    0x00 0x00                                                                        NOPX
.delay_slot
.swstall delay_slot
	  1234    0x00 0x00                                                                        NOPX
.delay_slot
.swstall delay_slot
	  1236    0x00 0x00                                                                        NOPX
.label fft_stockham_f32__end last
.delay_slot
	  1238    0xff 0xc0 0x00 0x00 0x01 0xc4                                                                                                                                              PADDXM [sp], #-512

.undef global data _ZN12me_primitive11control_rndE

.text_segment_name
.text global 10 zero_f32
.function_start
	     0    0x18 0x10 0xc0 0xf8                                                                                                                                                                                      MOV r0, p0
	     4    0x00 0x00 0x00 0xb0 0x00 0x44                                                                                                                                              MOVXM r1, #2048
	    10    0x18 0x50 0x81 0x58                                                                                                                                                                                      ADD.NC r1, r1, r0
	    14    0x10 0x04 0x1b 0x98                                                                                                                                                        GEU r2, r0, r1
	    18    0x10 0x00 0x68 0x40 0x01 0x84                                                                                                                                              JNZ r2, #TGT_Fzero_f32_208
.delay_slot
.swstall delay_slot
	    24    0x00 0x00                                                                        NOPX
.delay_slot
.swstall delay_slot
	    26    0x00 0x00                                                                        NOPX
.delay_slot
.swstall delay_slot
	    28    0x00 0x00                                                                        NOPX
.delay_slot
.swstall delay_slot
	    30    0x00 0x00                                                                        NOPX
.delay_slot
.swstall delay_slot
	    32    0x00 0x00                                                                        NOPX
	    34    0xff 0x40 0x00 0x02 0x20 0x0c 0x68 0x10 0x08 0xba                                MOVA r0, #-6;                                                                             SUB r2, r1, r0;               ADD.NC r3, r0, #64
	    44    0x00 0x21 0x00 0x07 0xb0 0xe4 0x48 0xbf 0xc8 0xba                                MOVA r1, #1;                                                                              LTU r27, r3, r1;              ADD.NC r2, r2, #-1
	    54    0x10 0x01 0xdc 0x20 0x01 0x64                                                                                                                                              ASHL r0, r2, r0;              MOV r24, #0
	    60    0x00 0x00 0xe0 0xc4 0xe5 0xe4                                                                                                                                              ADD r0, r0, #1;               VBCST.32 x0, r24
	    66    0x08 0x00 0x40 0x01 0x25 0xe4                                                                                                                                              SEL.EQZ r0, r1, r0, r27;      VMOV bmll0, x0
	    72    0x00 0x00 0x01 0xe1 0x80 0x44                                                                                                                                              MOVXM ls, #(ZLS_Fzero_f32_192 + 0)
	    78    0x00 0x00 0x06 0xe1 0x80 0x44                                                                                                                                              MOVXM le, #(ZLS_Fzero_f32_192 + 0)
	    84    0x00 0x2c 0xf0 0x00 0x20 0x01 0x5b 0x02 0xb8 0x10 0x70 0xf6                      NOPA;                         NOPB;                         NOPS;                                                       MOV lc, r0
	    96    0x00 0x2c 0xf0 0x00 0x20 0x01 0x5b 0x00 0x00 0x00 0x01 0xa5 0x78 0x00 0x00 0xe1  NOPA;                         NOPB;                         NOPS;                         NOPX;                         NOPM;                                   NOPV
	   112    0x00 0x2c 0xf0 0x00 0x20 0x01 0x5b 0x00 0x00 0x00 0x01 0xa5 0x78 0x00 0x00 0xe1  NOPA;                         NOPB;                         NOPS;                         NOPX;                         NOPM;                                   NOPV
	   128    0x00 0x2c 0xf0 0x00 0x20 0x01 0x5b 0x00 0x00 0x00 0x01 0xa5 0x78 0x00 0x00 0xe1  NOPA;                         NOPB;                         NOPS;                         NOPX;                         NOPM;                                   NOPV
	   144    0x00 0x2c 0xf0 0x00 0x20 0x01 0x5b 0x00 0x00 0x00 0x01 0xa5 0x78 0x00 0x00 0xe1  NOPA;                         NOPB;                         NOPS;                         NOPX;                         NOPM;                                   NOPV
	   160    0x00 0x2c 0xf0 0x00 0x20 0x01 0x5b 0x00 0x00 0x00 0x01 0xa5 0x78 0x00 0x00 0xe1  NOPA;                         NOPB;                         NOPS;                         NOPX;                         NOPM;                                   NOPV
	   176    0x00 0x2c 0xf0 0x00 0x20 0x01 0x5b 0x00 0x00 0x00 0x01 0xa5 0x78 0x00 0x00 0xe1  NOPA;                         NOPB;                         NOPS;                         NOPX;                         NOPM;                                   NOPV
.label ZLS_Fzero_f32_192
.loop_nesting 1
.begin_of_loop
.end_of_loop
	   192    0x00 0x2c 0xf0 0x00 0x20 0x1c 0x06 0x80 0x00 0x00 0x01 0xa5 0x78 0x00 0x00 0xe1  NOPA;                         NOPB;                         VST bmll0, [p0], #64;         NOPX;                         NOPM;                                   NOPV
.label TGT_Fzero_f32_208
.loop_nesting 0
	   208    0x10 0x28 0x00 0x18                                                                                                                                                        RET lr
.delay_slot
.swstall delay_slot
	   212    0x00 0x00                                                                        NOPX
.delay_slot
.swstall delay_slot
	   214    0x00 0x00                                                                        NOPX
.delay_slot
.swstall delay_slot
	   216    0x00 0x00                                                                        NOPX
.delay_slot
.swstall delay_slot
	   218    0x00 0x00                                                                        NOPX
.label zero_f32__end last
.delay_slot
.swstall delay_slot
	   220    0x00 0x00                                                                        NOPX



.direct_eval +,-,(,)
